# JRE version: OpenJDK Runtime Environment (21.0.6) (build 21.0.6+-13368085-b895.109)
# Java VM: OpenJDK 64-Bit Server VM (21.0.6+-13368085-b895.109, mixed mode, tiered, compressed oops, compressed class ptrs, g1 gc, windows-amd64)
GC Precious Log:
 CardTable entry size: 512
 Card Set container configuration: InlinePtr #cards 4 size 8 Array Of Cards #cards 32 size 80 Howl #buckets 8 coarsen threshold 7372 Howl Bitmap #cards 1024 size 144 coarsen threshold 921 Card regions per heap region 1 cards per card region 8192
 CPUs: 32 total, 32 available
 Memory: 32456M
 Large Page Support: Disabled
 NUMA Support: Disabled
 Compressed Oops: Enabled (Zero based)
 Heap Region Size: 4M
 Heap Min Capacity: 8M
 Heap Initial Capacity: 508M
 Heap Max Capacity: 8116M
 Pre-touch: Disabled
 Parallel Workers: 23
 Concurrent Workers: 6
 Concurrent Refinement Workers: 23
 Periodic GC: Disabled
Heap:
 garbage-first heap   total 233472K, used 182830K [0x0000000604c00000, 0x0000000800000000)
  region size 4096K, 18 young (73728K), 2 survivors (8192K)
 Metaspace       used 95357K, committed 95744K, reserved 1179648K
  class space    used 9533K, committed 9728K, reserved 1048576K
GC Heap History (20 events):
Event: 0.617 GC heap before
{Heap before GC invocations=4 (full 0):
 garbage-first heap   total 57344K, used 33767K [0x0000000604c00000, 0x0000000800000000)
  region size 4096K, 8 young (32768K), 4 survivors (16384K)
 Metaspace       used 28562K, committed 28800K, reserved 1114112K
  class space    used 3037K, committed 3136K, reserved 1048576K
}
Event: 0.621 GC heap after
{Heap after GC invocations=5 (full 0):
 garbage-first heap   total 57344K, used 18989K [0x0000000604c00000, 0x0000000800000000)
  region size 4096K, 1 young (4096K), 1 survivors (4096K)
 Metaspace       used 28562K, committed 28800K, reserved 1114112K
  class space    used 3037K, committed 3136K, reserved 1048576K
}
Event: 0.756 GC heap before
{Heap before GC invocations=5 (full 0):
 garbage-first heap   total 57344K, used 39469K [0x0000000604c00000, 0x0000000800000000)
  region size 4096K, 6 young (24576K), 1 survivors (4096K)
 Metaspace       used 34433K, committed 34688K, reserved 1114112K
  class space    used 4126K, committed 4224K, reserved 1048576K
}
Event: 0.758 GC heap after
{Heap after GC invocations=6 (full 0):
 garbage-first heap   total 57344K, used 20104K [0x0000000604c00000, 0x0000000800000000)
  region size 4096K, 1 young (4096K), 1 survivors (4096K)
 Metaspace       used 34433K, committed 34688K, reserved 1114112K
  class space    used 4126K, committed 4224K, reserved 1048576K
}
Event: 0.788 GC heap before
{Heap before GC invocations=6 (full 0):
 garbage-first heap   total 57344K, used 24200K [0x0000000604c00000, 0x0000000800000000)
  region size 4096K, 3 young (12288K), 1 survivors (4096K)
 Metaspace       used 35905K, committed 36160K, reserved 1114112K
  class space    used 4288K, committed 4416K, reserved 1048576K
}
Event: 0.790 GC heap after
{Heap after GC invocations=7 (full 0):
 garbage-first heap   total 57344K, used 20314K [0x0000000604c00000, 0x0000000800000000)
  region size 4096K, 1 young (4096K), 1 survivors (4096K)
 Metaspace       used 35905K, committed 36160K, reserved 1114112K
  class space    used 4288K, committed 4416K, reserved 1048576K
}
Event: 0.908 GC heap before
{Heap before GC invocations=8 (full 0):
 garbage-first heap   total 57344K, used 40794K [0x0000000604c00000, 0x0000000800000000)
  region size 4096K, 6 young (24576K), 1 survivors (4096K)
 Metaspace       used 41171K, committed 41472K, reserved 1114112K
  class space    used 4799K, committed 4928K, reserved 1048576K
}
Event: 0.911 GC heap after
{Heap after GC invocations=9 (full 0):
 garbage-first heap   total 290816K, used 21276K [0x0000000604c00000, 0x0000000800000000)
  region size 4096K, 1 young (4096K), 1 survivors (4096K)
 Metaspace       used 41171K, committed 41472K, reserved 1114112K
  class space    used 4799K, committed 4928K, reserved 1048576K
}
Event: 1.918 GC heap before
{Heap before GC invocations=9 (full 0):
 garbage-first heap   total 290816K, used 185116K [0x0000000604c00000, 0x0000000800000000)
  region size 4096K, 42 young (172032K), 1 survivors (4096K)
 Metaspace       used 56027K, committed 56320K, reserved 1114112K
  class space    used 6202K, committed 6336K, reserved 1048576K
}
Event: 1.928 GC heap after
{Heap after GC invocations=10 (full 0):
 garbage-first heap   total 290816K, used 56678K [0x0000000604c00000, 0x0000000800000000)
  region size 4096K, 6 young (24576K), 6 survivors (24576K)
 Metaspace       used 56027K, committed 56320K, reserved 1114112K
  class space    used 6202K, committed 6336K, reserved 1048576K
}
Event: 2.123 GC heap before
{Heap before GC invocations=10 (full 0):
 garbage-first heap   total 290816K, used 89446K [0x0000000604c00000, 0x0000000800000000)
  region size 4096K, 15 young (61440K), 6 survivors (24576K)
 Metaspace       used 60204K, committed 60480K, reserved 1114112K
  class space    used 6741K, committed 6848K, reserved 1048576K
}
Event: 2.134 GC heap after
{Heap after GC invocations=11 (full 0):
 garbage-first heap   total 290816K, used 65690K [0x0000000604c00000, 0x0000000800000000)
  region size 4096K, 2 young (8192K), 2 survivors (8192K)
 Metaspace       used 60204K, committed 60480K, reserved 1114112K
  class space    used 6741K, committed 6848K, reserved 1048576K
}
Event: 3.337 GC heap before
{Heap before GC invocations=12 (full 0):
 garbage-first heap   total 233472K, used 196762K [0x0000000604c00000, 0x0000000800000000)
  region size 4096K, 34 young (139264K), 2 survivors (8192K)
 Metaspace       used 65944K, committed 66304K, reserved 1114112K
  class space    used 7144K, committed 7296K, reserved 1048576K
}
Event: 3.347 GC heap after
{Heap after GC invocations=13 (full 0):
 garbage-first heap   total 233472K, used 87940K [0x0000000604c00000, 0x0000000800000000)
  region size 4096K, 5 young (20480K), 5 survivors (20480K)
 Metaspace       used 65944K, committed 66304K, reserved 1114112K
  class space    used 7144K, committed 7296K, reserved 1048576K
}
Event: 5.671 GC heap before
{Heap before GC invocations=13 (full 0):
 garbage-first heap   total 233472K, used 169860K [0x0000000604c00000, 0x0000000800000000)
  region size 4096K, 26 young (106496K), 5 survivors (20480K)
 Metaspace       used 73889K, committed 74176K, reserved 1179648K
  class space    used 7819K, committed 7936K, reserved 1048576K
}
Event: 5.681 GC heap after
{Heap after GC invocations=14 (full 0):
 garbage-first heap   total 233472K, used 103890K [0x0000000604c00000, 0x0000000800000000)
  region size 4096K, 4 young (16384K), 4 survivors (16384K)
 Metaspace       used 73889K, committed 74176K, reserved 1179648K
  class space    used 7819K, committed 7936K, reserved 1048576K
}
Event: 8.009 GC heap before
{Heap before GC invocations=15 (full 0):
 garbage-first heap   total 233472K, used 185810K [0x0000000604c00000, 0x0000000800000000)
  region size 4096K, 24 young (98304K), 4 survivors (16384K)
 Metaspace       used 81076K, committed 81472K, reserved 1179648K
  class space    used 8493K, committed 8704K, reserved 1048576K
}
Event: 8.017 GC heap after
{Heap after GC invocations=16 (full 0):
 garbage-first heap   total 233472K, used 115815K [0x0000000604c00000, 0x0000000800000000)
  region size 4096K, 3 young (12288K), 3 survivors (12288K)
 Metaspace       used 81076K, committed 81472K, reserved 1179648K
  class space    used 8493K, committed 8704K, reserved 1048576K
}
Event: 10.416 GC heap before
{Heap before GC invocations=16 (full 0):
 garbage-first heap   total 233472K, used 164967K [0x0000000604c00000, 0x0000000800000000)
  region size 4096K, 16 young (65536K), 3 survivors (12288K)
 Metaspace       used 88756K, committed 89152K, reserved 1179648K
  class space    used 9051K, committed 9216K, reserved 1048576K
}
Event: 10.422 GC heap after
{Heap after GC invocations=17 (full 0):
 garbage-first heap   total 233472K, used 121390K [0x0000000604c00000, 0x0000000800000000)
  region size 4096K, 2 young (8192K), 2 survivors (8192K)
 Metaspace       used 88756K, committed 89152K, reserved 1179648K
  class space    used 9051K, committed 9216K, reserved 1048576K
}

